Using pre-set license
Built from '2020.2/staging' branch; Version is '2020.2.6f1 (8a2143876886) revision 9052483'; Using compiler version '192528614'; Build Type 'Release'
OS: 'Windows 10 Home Single Language; OS build 19042.867; Version 2009; 64bit' Language: 'en' Physical Memory: 3929 MB
BatchMode: 1, IsHumanControllingUs: 0, StartBugReporterOnCrash: 0, Is64bit: 1, IsPro: 0

 COMMAND LINE ARGUMENTS:
C:\Program Files\Unity\Editor\2020.2.6f1\Editor\Unity.exe
-adb2
-batchMode
-noUpm
-name
AssetImportWorker1
-projectPath
D:/Users/Kale/Documents/GitHub/space-invaders/Space Invaders
-logFile
Logs/AssetImportWorker1.log
-srvPort
62274
Successfully changed project path to: D:/Users/Kale/Documents/GitHub/space-invaders/Space Invaders
D:/Users/Kale/Documents/GitHub/space-invaders/Space Invaders
Using Asset Import Pipeline V2.
Refreshing native plugins compatible for Editor in 458.25 ms, found 1 plugins.
Preloading 0 native plugins for Editor in 0.00 ms.
Initialize engine version: 2020.2.6f1 (8a2143876886)
[Subsystems] Discovering subsystems at path C:/Program Files/Unity/Editor/2020.2.6f1/Editor/Data/Resources/UnitySubsystems
[Subsystems] Discovering subsystems at path D:/Users/Kale/Documents/GitHub/space-invaders/Space Invaders/Assets
GfxDevice: creating device client; threaded=0
Direct3D:
    Version:  Direct3D 11.0 [level 11.1]
    Renderer: Intel(R) UHD Graphics (ID=0x9b41)
    Vendor:   
    VRAM:     1964 MB
    Driver:   27.20.100.9168
Initialize mono
Mono path[0] = 'C:/Program Files/Unity/Editor/2020.2.6f1/Editor/Data/Managed'
Mono path[1] = 'C:/Program Files/Unity/Editor/2020.2.6f1/Editor/Data/MonoBleedingEdge/lib/mono/unityjit'
Mono config path = 'C:/Program Files/Unity/Editor/2020.2.6f1/Editor/Data/MonoBleedingEdge/etc'
Using monoOptions --debugger-agent=transport=dt_socket,embedding=1,server=y,suspend=n,address=127.0.0.1:56988
Begin MonoManager ReloadAssembly
Registering precompiled unity dll's ...
Register platform support module: C:/Program Files/Unity/Editor/2020.2.6f1/Editor/Data/PlaybackEngines/WebGLSupport/UnityEditor.WebGL.Extensions.dll
Register platform support module: C:/Program Files/Unity/Editor/2020.2.6f1/Editor/Data/PlaybackEngines/WindowsStandaloneSupport/UnityEditor.WindowsStandalone.Extensions.dll
Registered in 0.004090 seconds.
Native extension for WindowsStandalone target not found
Native extension for WebGL target not found
Refreshing native plugins compatible for Editor in 57.79 ms, found 1 plugins.
Preloading 0 native plugins for Editor in 0.00 ms.
Invoked RoslynAnalysisRunner static constructor.
RoslynAnalysisRunner will not be running.
RoslynAnalysisRunner has terminated.
Mono: successfully reloaded assembly
- Completed reload, in  1.794 seconds
Platform modules already initialized, skipping
Registering precompiled user dll's ...
Registered in 0.156329 seconds.
Begin MonoManager ReloadAssembly
Native extension for WindowsStandalone target not found
Native extension for WebGL target not found
Refreshing native plugins compatible for Editor in 31.74 ms, found 1 plugins.
Preloading 0 native plugins for Editor in 0.00 ms.
Invoked RoslynAnalysisRunner static constructor.
RoslynAnalysisRunner will not be running.
RoslynAnalysisRunner has terminated.
Mono: successfully reloaded assembly
- Completed reload, in  2.123 seconds
Platform modules already initialized, skipping
========================================================================
Worker process is ready to serve import requests
Launched and connected shader compiler UnityShaderCompiler.exe after 0.13 seconds
Refreshing native plugins compatible for Editor in 0.74 ms, found 1 plugins.
Preloading 0 native plugins for Editor in 0.00 ms.
Unloading 1853 Unused Serialized files (Serialized files now loaded: 0)
System memory in use before: 87.5 MB.
System memory in use after: 87.5 MB.

Unloading 24 unused Assets to reduce memory usage. Loaded Objects now: 2297.
Total: 8.454000 ms (FindLiveObjects: 0.286800 ms CreateObjectMapping: 0.092800 ms MarkObjects: 7.638600 ms  DeleteObjects: 0.432700 ms)

========================================================================
Received Import Request.
  path: Assets/Scripts/enemySpawner.cs
  artifactKey: Guid(9b9398f66a9adaa4bb66d0991aeb0557) Importer(815301076,1909f56bfc062723c751e8b465ee728b)
Start importing Assets/Scripts/enemySpawner.cs using Guid(9b9398f66a9adaa4bb66d0991aeb0557) Importer(815301076,1909f56bfc062723c751e8b465ee728b)  -> (artifact id: 'd4231ea1320abd046103a0ea7f4accc5') in 0.096757 seconds
  Import took 0.320945 seconds .

========================================================================
Received Import Request.
  Time since last request: 0.001146 seconds.
  path: Assets/Scripts/enemyManager.cs
  artifactKey: Guid(cda15292c6a796b42acc7828402e545d) Importer(815301076,1909f56bfc062723c751e8b465ee728b)
Start importing Assets/Scripts/enemyManager.cs using Guid(cda15292c6a796b42acc7828402e545d) Importer(815301076,1909f56bfc062723c751e8b465ee728b)  -> (artifact id: 'ccee9fc9b1cd445fbc3b811c4aa2a47f') in 0.049036 seconds
  Import took 0.117836 seconds .

========================================================================
Received Import Request.
  Time since last request: 0.000318 seconds.
  path: Assets/Scripts/playerController.cs
  artifactKey: Guid(054fb20c1fa2112499a47fdc2939b946) Importer(815301076,1909f56bfc062723c751e8b465ee728b)
Start importing Assets/Scripts/playerController.cs using Guid(054fb20c1fa2112499a47fdc2939b946) Importer(815301076,1909f56bfc062723c751e8b465ee728b)  -> (artifact id: 'e512dab109d25d0436b6a1430dd03457') in 0.007001 seconds
  Import took 0.070610 seconds .

========================================================================
Received Import Request.
  Time since last request: 0.000291 seconds.
  path: Assets/Scripts/bulletManager.cs
  artifactKey: Guid(9d16610c434247048823d82b0f56fcfc) Importer(815301076,1909f56bfc062723c751e8b465ee728b)
Start importing Assets/Scripts/bulletManager.cs using Guid(9d16610c434247048823d82b0f56fcfc) Importer(815301076,1909f56bfc062723c751e8b465ee728b)  -> (artifact id: '07bbfb88659463702544b85b7a75f74f') in 0.017702 seconds
  Import took 0.249669 seconds .

========================================================================
Received Import Request.
  Time since last request: 0.001136 seconds.
  path: Assets/Scripts/Shooter.cs
  artifactKey: Guid(51c64d6d90def9f43802b93843e1708d) Importer(815301076,1909f56bfc062723c751e8b465ee728b)
Start importing Assets/Scripts/Shooter.cs using Guid(51c64d6d90def9f43802b93843e1708d) Importer(815301076,1909f56bfc062723c751e8b465ee728b)  -> (artifact id: '00c44d40961f7558262d878310fa6fa0') in 0.038590 seconds
  Import took 0.121623 seconds .

========================================================================
Received Import Request.
  Time since last request: 0.000316 seconds.
  path: Assets/Scripts/cameraShake.cs
  artifactKey: Guid(36c4af0f3801bed4c9c72abe124b35a4) Importer(815301076,1909f56bfc062723c751e8b465ee728b)
Start importing Assets/Scripts/cameraShake.cs using Guid(36c4af0f3801bed4c9c72abe124b35a4) Importer(815301076,1909f56bfc062723c751e8b465ee728b)  -> (artifact id: 'a1e26e8c1bdc2cabb93f2ad259b3af47') in 0.006807 seconds
  Import took 0.091245 seconds .

========================================================================
Received Import Request.
  Time since last request: 235.837482 seconds.
  path: Assets/Scripts/cameraShake.cs
  artifactKey: Guid(36c4af0f3801bed4c9c72abe124b35a4) Importer(815301076,1909f56bfc062723c751e8b465ee728b)
Start importing Assets/Scripts/cameraShake.cs using Guid(36c4af0f3801bed4c9c72abe124b35a4) Importer(815301076,1909f56bfc062723c751e8b465ee728b)  -> (artifact id: 'b211404dbe4e16c475c254f3666ad32d') in 0.011391 seconds
  Import took 0.172698 seconds .

========================================================================
Received Prepare
Registering precompiled user dll's ...
Registered in 0.027580 seconds.
Begin MonoManager ReloadAssembly
Native extension for WindowsStandalone target not found
Native extension for WebGL target not found
Refreshing native plugins compatible for Editor in 0.37 ms, found 1 plugins.
Preloading 0 native plugins for Editor in 0.00 ms.
Invoked RoslynAnalysisRunner static constructor.
RoslynAnalysisRunner will not be running.
RoslynAnalysisRunner has terminated.
Mono: successfully reloaded assembly
- Completed reload, in  1.085 seconds
Platform modules already initialized, skipping
Refreshing native plugins compatible for Editor in 0.83 ms, found 1 plugins.
Preloading 0 native plugins for Editor in 0.00 ms.
Unloading 1835 Unused Serialized files (Serialized files now loaded: 0)
System memory in use before: 86.5 MB.
System memory in use after: 86.5 MB.

Unloading 12 unused Assets to reduce memory usage. Loaded Objects now: 2300.
Total: 3.864100 ms (FindLiveObjects: 0.242000 ms CreateObjectMapping: 0.090300 ms MarkObjects: 3.394600 ms  DeleteObjects: 0.136200 ms)

========================================================================
Received Prepare
Registering precompiled user dll's ...
Registered in 0.035313 seconds.
Begin MonoManager ReloadAssembly
Native extension for WindowsStandalone target not found
Native extension for WebGL target not found
Refreshing native plugins compatible for Editor in 0.35 ms, found 1 plugins.
Preloading 0 native plugins for Editor in 0.00 ms.
Invoked RoslynAnalysisRunner static constructor.
RoslynAnalysisRunner will not be running.
RoslynAnalysisRunner has terminated.
Mono: successfully reloaded assembly
- Completed reload, in  2.672 seconds
Platform modules already initialized, skipping
Refreshing native plugins compatible for Editor in 0.80 ms, found 1 plugins.
Preloading 0 native plugins for Editor in 0.00 ms.
Unloading 1835 Unused Serialized files (Serialized files now loaded: 0)
System memory in use before: 86.5 MB.
System memory in use after: 86.5 MB.

Unloading 12 unused Assets to reduce memory usage. Loaded Objects now: 2303.
Total: 2.127000 ms (FindLiveObjects: 0.256000 ms CreateObjectMapping: 0.061100 ms MarkObjects: 1.712200 ms  DeleteObjects: 0.096500 ms)

========================================================================
Received Import Request.
  Time since last request: 262.093415 seconds.
  path: Assets/Player.prefab
  artifactKey: Guid(21732b49203668747b0992af9681f311) Importer(815301076,1909f56bfc062723c751e8b465ee728b)
Start importing Assets/Player.prefab using Guid(21732b49203668747b0992af9681f311) Importer(815301076,1909f56bfc062723c751e8b465ee728b)  -> (artifact id: 'a0721c0e3a03d44d7845339ec5e869c3') in 0.224344 seconds
  Import took 0.297102 seconds .

========================================================================
Received Import Request.
  Time since last request: 0.000311 seconds.
  path: Assets/Sprites/UFO.png
  artifactKey: Guid(13069a2078458e5449f427d9811c4fa2) Importer(815301076,1909f56bfc062723c751e8b465ee728b)
Start importing Assets/Sprites/UFO.png using Guid(13069a2078458e5449f427d9811c4fa2) Importer(815301076,1909f56bfc062723c751e8b465ee728b)  -> (artifact id: '3ab145fb519c1b4bb4557b8f3802454c') in 0.134900 seconds
  Import took 0.269479 seconds .

========================================================================
Received Import Request.
  Time since last request: 6.653956 seconds.
  path: Assets/Enemy.prefab
  artifactKey: Guid(4db5158422cead542828f22d8e27ded3) Importer(815301076,1909f56bfc062723c751e8b465ee728b)
Start importing Assets/Enemy.prefab using Guid(4db5158422cead542828f22d8e27ded3) Importer(815301076,1909f56bfc062723c751e8b465ee728b)  -> (artifact id: 'fe3dccb69b52e592a1015c99ed5b2014') in 0.100864 seconds
  Import took 0.210472 seconds .

========================================================================
Received Import Request.
  Time since last request: 11.506055 seconds.
  path: Assets/Sprites/UFO.png
  artifactKey: Guid(13069a2078458e5449f427d9811c4fa2) Importer(815301076,1909f56bfc062723c751e8b465ee728b)
Start importing Assets/Sprites/UFO.png using Guid(13069a2078458e5449f427d9811c4fa2) Importer(815301076,1909f56bfc062723c751e8b465ee728b)  -> (artifact id: '43440ba1ab4ded92be0f6732e2be4569') in 0.059835 seconds
  Import took 0.198299 seconds .

========================================================================
Received Prepare
Registering precompiled user dll's ...
Registered in 0.000832 seconds.
Begin MonoManager ReloadAssembly
Native extension for WindowsStandalone target not found
Native extension for WebGL target not found
Refreshing native plugins compatible for Editor in 0.33 ms, found 1 plugins.
Preloading 0 native plugins for Editor in 0.00 ms.
Invoked RoslynAnalysisRunner static constructor.
RoslynAnalysisRunner will not be running.
RoslynAnalysisRunner has terminated.
Mono: successfully reloaded assembly
- Completed reload, in  0.754 seconds
Platform modules already initialized, skipping
Refreshing native plugins compatible for Editor in 0.35 ms, found 1 plugins.
Preloading 0 native plugins for Editor in 0.00 ms.
Unloading 1835 Unused Serialized files (Serialized files now loaded: 0)
System memory in use before: 89.7 MB.
System memory in use after: 89.6 MB.

Unloading 12 unused Assets to reduce memory usage. Loaded Objects now: 2316.
Total: 1.910200 ms (FindLiveObjects: 0.166100 ms CreateObjectMapping: 0.047200 ms MarkObjects: 1.601700 ms  DeleteObjects: 0.094300 ms)

========================================================================
Received Prepare
Registering precompiled user dll's ...
Registered in 0.000762 seconds.
Begin MonoManager ReloadAssembly
Native extension for WindowsStandalone target not found
Native extension for WebGL target not found
Refreshing native plugins compatible for Editor in 0.35 ms, found 1 plugins.
Preloading 0 native plugins for Editor in 0.00 ms.
Invoked RoslynAnalysisRunner static constructor.
RoslynAnalysisRunner will not be running.
RoslynAnalysisRunner has terminated.
Mono: successfully reloaded assembly
- Completed reload, in  0.815 seconds
Platform modules already initialized, skipping
Refreshing native plugins compatible for Editor in 0.33 ms, found 1 plugins.
Preloading 0 native plugins for Editor in 0.00 ms.
Unloading 1835 Unused Serialized files (Serialized files now loaded: 0)
System memory in use before: 89.7 MB.
System memory in use after: 89.7 MB.

Unloading 12 unused Assets to reduce memory usage. Loaded Objects now: 2319.
Total: 4.663700 ms (FindLiveObjects: 0.352400 ms CreateObjectMapping: 0.186400 ms MarkObjects: 4.029300 ms  DeleteObjects: 0.094100 ms)

========================================================================
Received Prepare
Registering precompiled user dll's ...
Registered in 0.001027 seconds.
Begin MonoManager ReloadAssembly
Native extension for WindowsStandalone target not found
Native extension for WebGL target not found
Refreshing native plugins compatible for Editor in 0.36 ms, found 1 plugins.
Preloading 0 native plugins for Editor in 0.00 ms.
Invoked RoslynAnalysisRunner static constructor.
RoslynAnalysisRunner will not be running.
RoslynAnalysisRunner has terminated.
Mono: successfully reloaded assembly
- Completed reload, in  0.720 seconds
Platform modules already initialized, skipping
Refreshing native plugins compatible for Editor in 0.36 ms, found 1 plugins.
Preloading 0 native plugins for Editor in 0.00 ms.
Unloading 1835 Unused Serialized files (Serialized files now loaded: 0)
System memory in use before: 89.7 MB.
System memory in use after: 89.7 MB.

Unloading 12 unused Assets to reduce memory usage. Loaded Objects now: 2322.
Total: 2.481700 ms (FindLiveObjects: 0.356100 ms CreateObjectMapping: 0.211900 ms MarkObjects: 1.804300 ms  DeleteObjects: 0.107700 ms)

========================================================================
Received Prepare
Registering precompiled user dll's ...
Registered in 0.000848 seconds.
Begin MonoManager ReloadAssembly
Native extension for WindowsStandalone target not found
Native extension for WebGL target not found
Refreshing native plugins compatible for Editor in 0.49 ms, found 1 plugins.
Preloading 0 native plugins for Editor in 0.00 ms.
Invoked RoslynAnalysisRunner static constructor.
RoslynAnalysisRunner will not be running.
RoslynAnalysisRunner has terminated.
Mono: successfully reloaded assembly
- Completed reload, in  0.785 seconds
Platform modules already initialized, skipping
Refreshing native plugins compatible for Editor in 0.36 ms, found 1 plugins.
Preloading 0 native plugins for Editor in 0.00 ms.
Unloading 1835 Unused Serialized files (Serialized files now loaded: 0)
System memory in use before: 89.7 MB.
System memory in use after: 89.7 MB.

Unloading 12 unused Assets to reduce memory usage. Loaded Objects now: 2325.
Total: 2.308100 ms (FindLiveObjects: 0.224900 ms CreateObjectMapping: 0.085100 ms MarkObjects: 1.889600 ms  DeleteObjects: 0.106300 ms)

========================================================================
Received Import Request.
  Time since last request: 257.638849 seconds.
  path: Assets/Enemy.prefab
  artifactKey: Guid(4db5158422cead542828f22d8e27ded3) Importer(815301076,1909f56bfc062723c751e8b465ee728b)
Start importing Assets/Enemy.prefab using Guid(4db5158422cead542828f22d8e27ded3) Importer(815301076,1909f56bfc062723c751e8b465ee728b)  -> (artifact id: '72dad648af2ca2c49dbbeaae05cb26d7') in 0.116790 seconds
  Import took 0.170179 seconds .

========================================================================
Received Prepare
Registering precompiled user dll's ...
Registered in 0.000650 seconds.
Begin MonoManager ReloadAssembly
Native extension for WindowsStandalone target not found
Native extension for WebGL target not found
Refreshing native plugins compatible for Editor in 0.49 ms, found 1 plugins.
Preloading 0 native plugins for Editor in 0.00 ms.
Invoked RoslynAnalysisRunner static constructor.
RoslynAnalysisRunner will not be running.
RoslynAnalysisRunner has terminated.
Mono: successfully reloaded assembly
- Completed reload, in  0.667 seconds
Platform modules already initialized, skipping
Refreshing native plugins compatible for Editor in 1.19 ms, found 1 plugins.
Preloading 0 native plugins for Editor in 0.00 ms.
Unloading 1835 Unused Serialized files (Serialized files now loaded: 0)
System memory in use before: 89.7 MB.
System memory in use after: 89.7 MB.

Unloading 12 unused Assets to reduce memory usage. Loaded Objects now: 2329.
Total: 1.959100 ms (FindLiveObjects: 0.165700 ms CreateObjectMapping: 0.053100 ms MarkObjects: 1.642600 ms  DeleteObjects: 0.096700 ms)

========================================================================
Received Prepare
Registering precompiled user dll's ...
Registered in 0.000891 seconds.
Begin MonoManager ReloadAssembly
Native extension for WindowsStandalone target not found
Native extension for WebGL target not found
Refreshing native plugins compatible for Editor in 0.54 ms, found 1 plugins.
Preloading 0 native plugins for Editor in 0.00 ms.
Invoked RoslynAnalysisRunner static constructor.
RoslynAnalysisRunner will not be running.
RoslynAnalysisRunner has terminated.
Mono: successfully reloaded assembly
- Completed reload, in  0.705 seconds
Platform modules already initialized, skipping
Refreshing native plugins compatible for Editor in 0.37 ms, found 1 plugins.
Preloading 0 native plugins for Editor in 0.00 ms.
Unloading 1835 Unused Serialized files (Serialized files now loaded: 0)
System memory in use before: 89.7 MB.
System memory in use after: 89.7 MB.

Unloading 12 unused Assets to reduce memory usage. Loaded Objects now: 2332.
Total: 3.719500 ms (FindLiveObjects: 0.434800 ms CreateObjectMapping: 0.238600 ms MarkObjects: 2.883400 ms  DeleteObjects: 0.160800 ms)

========================================================================
Received Prepare
Registering precompiled user dll's ...
Registered in 0.000789 seconds.
Begin MonoManager ReloadAssembly
Native extension for WindowsStandalone target not found
Native extension for WebGL target not found
Refreshing native plugins compatible for Editor in 0.35 ms, found 1 plugins.
Preloading 0 native plugins for Editor in 0.00 ms.
Invoked RoslynAnalysisRunner static constructor.
RoslynAnalysisRunner will not be running.
RoslynAnalysisRunner has terminated.
Mono: successfully reloaded assembly
- Completed reload, in  0.753 seconds
Platform modules already initialized, skipping
Refreshing native plugins compatible for Editor in 0.39 ms, found 1 plugins.
Preloading 0 native plugins for Editor in 0.00 ms.
Unloading 1835 Unused Serialized files (Serialized files now loaded: 0)
System memory in use before: 89.7 MB.
System memory in use after: 89.7 MB.

Unloading 12 unused Assets to reduce memory usage. Loaded Objects now: 2335.
Total: 3.636700 ms (FindLiveObjects: 0.368000 ms CreateObjectMapping: 0.103000 ms MarkObjects: 3.027700 ms  DeleteObjects: 0.136600 ms)

========================================================================
Received Prepare
Registering precompiled user dll's ...
Registered in 0.000948 seconds.
Begin MonoManager ReloadAssembly
Native extension for WindowsStandalone target not found
Native extension for WebGL target not found
Refreshing native plugins compatible for Editor in 0.34 ms, found 1 plugins.
Preloading 0 native plugins for Editor in 0.00 ms.
Invoked RoslynAnalysisRunner static constructor.
RoslynAnalysisRunner will not be running.
RoslynAnalysisRunner has terminated.
Mono: successfully reloaded assembly
- Completed reload, in  0.729 seconds
Platform modules already initialized, skipping
Refreshing native plugins compatible for Editor in 0.39 ms, found 1 plugins.
Preloading 0 native plugins for Editor in 0.00 ms.
Unloading 1835 Unused Serialized files (Serialized files now loaded: 0)
System memory in use before: 89.7 MB.
System memory in use after: 89.7 MB.

Unloading 12 unused Assets to reduce memory usage. Loaded Objects now: 2338.
Total: 2.349900 ms (FindLiveObjects: 0.232000 ms CreateObjectMapping: 0.073400 ms MarkObjects: 1.935600 ms  DeleteObjects: 0.107800 ms)

========================================================================
Received Prepare
Registering precompiled user dll's ...
Registered in 0.000618 seconds.
Begin MonoManager ReloadAssembly
Native extension for WindowsStandalone target not found
Native extension for WebGL target not found
Refreshing native plugins compatible for Editor in 0.33 ms, found 1 plugins.
Preloading 0 native plugins for Editor in 0.00 ms.
Invoked RoslynAnalysisRunner static constructor.
RoslynAnalysisRunner will not be running.
RoslynAnalysisRunner has terminated.
Mono: successfully reloaded assembly
- Completed reload, in  0.696 seconds
Platform modules already initialized, skipping
Refreshing native plugins compatible for Editor in 0.34 ms, found 1 plugins.
Preloading 0 native plugins for Editor in 0.00 ms.
Unloading 1835 Unused Serialized files (Serialized files now loaded: 0)
System memory in use before: 89.7 MB.
System memory in use after: 89.7 MB.

Unloading 12 unused Assets to reduce memory usage. Loaded Objects now: 2341.
Total: 1.966300 ms (FindLiveObjects: 0.194400 ms CreateObjectMapping: 0.048200 ms MarkObjects: 1.621300 ms  DeleteObjects: 0.101100 ms)

========================================================================
Received Import Request.
  Time since last request: 661.177401 seconds.
  path: Assets/Sprites/bg centert.png
  artifactKey: Guid(fa352e615518cd44193cea7c2ca7172a) Importer(815301076,1909f56bfc062723c751e8b465ee728b)
Start importing Assets/Sprites/bg centert.png using Guid(fa352e615518cd44193cea7c2ca7172a) Importer(815301076,1909f56bfc062723c751e8b465ee728b)  -> (artifact id: 'ce1c6953518be57a791e837c5773976b') in 0.081619 seconds
  Import took 0.197649 seconds .

========================================================================
Received Import Request.
  Time since last request: 17.094960 seconds.
  path: Assets/Sprites/bg centert.png
  artifactKey: Guid(fa352e615518cd44193cea7c2ca7172a) Importer(815301076,1909f56bfc062723c751e8b465ee728b)
Start importing Assets/Sprites/bg centert.png using Guid(fa352e615518cd44193cea7c2ca7172a) Importer(815301076,1909f56bfc062723c751e8b465ee728b)  -> (artifact id: '3d2fc17b0192937644c16a98efaf8ea8') in 0.043351 seconds
  Import took 0.110972 seconds .

========================================================================
Received Import Request.
  Time since last request: 9.743322 seconds.
  path: Assets/Sprites/bg centert.png
  artifactKey: Guid(fa352e615518cd44193cea7c2ca7172a) Importer(815301076,1909f56bfc062723c751e8b465ee728b)
Start importing Assets/Sprites/bg centert.png using Guid(fa352e615518cd44193cea7c2ca7172a) Importer(815301076,1909f56bfc062723c751e8b465ee728b)  -> (artifact id: '56420a0c667fefe448e1a4e3e3711388') in 0.011735 seconds
  Import took 0.028723 seconds .

========================================================================
Received Prepare
Registering precompiled user dll's ...
Registered in 0.000724 seconds.
Begin MonoManager ReloadAssembly
Native extension for WindowsStandalone target not found
Native extension for WebGL target not found
Refreshing native plugins compatible for Editor in 0.33 ms, found 1 plugins.
Preloading 0 native plugins for Editor in 0.00 ms.
Invoked RoslynAnalysisRunner static constructor.
RoslynAnalysisRunner will not be running.
RoslynAnalysisRunner has terminated.
Mono: successfully reloaded assembly
- Completed reload, in  0.761 seconds
Platform modules already initialized, skipping
Refreshing native plugins compatible for Editor in 0.43 ms, found 1 plugins.
Preloading 0 native plugins for Editor in 0.00 ms.
Unloading 1835 Unused Serialized files (Serialized files now loaded: 0)
System memory in use before: 89.7 MB.
System memory in use after: 89.7 MB.

Unloading 12 unused Assets to reduce memory usage. Loaded Objects now: 2346.
Total: 2.739200 ms (FindLiveObjects: 0.269200 ms CreateObjectMapping: 0.064100 ms MarkObjects: 2.288300 ms  DeleteObjects: 0.116500 ms)

========================================================================
Received Import Request.
  Time since last request: 168.467463 seconds.
  path: Assets/Sprites/bgleftt.png
  artifactKey: Guid(faae48b81495598408c700ae4e3fcce1) Importer(815301076,1909f56bfc062723c751e8b465ee728b)
Start importing Assets/Sprites/bgleftt.png using Guid(faae48b81495598408c700ae4e3fcce1) Importer(815301076,1909f56bfc062723c751e8b465ee728b)  -> (artifact id: '8985e4f2e7e77074ecc82270b9dadde9') in 0.068455 seconds
  Import took 0.135240 seconds .

========================================================================
Received Import Request.
  Time since last request: 0.000285 seconds.
  path: Assets/Sprites/bgrightt.png
  artifactKey: Guid(7810739ac8b4a6d4db6979b23f18c4cd) Importer(815301076,1909f56bfc062723c751e8b465ee728b)
Start importing Assets/Sprites/bgrightt.png using Guid(7810739ac8b4a6d4db6979b23f18c4cd) Importer(815301076,1909f56bfc062723c751e8b465ee728b)  -> (artifact id: '0ac69628c752ebe6fc1104011c945c67') in 0.024505 seconds
  Import took 0.109002 seconds .

========================================================================
Received Import Request.
  Time since last request: 18.623521 seconds.
  path: Assets/Sprites/bgleftt.png
  artifactKey: Guid(faae48b81495598408c700ae4e3fcce1) Importer(815301076,1909f56bfc062723c751e8b465ee728b)
Start importing Assets/Sprites/bgleftt.png using Guid(faae48b81495598408c700ae4e3fcce1) Importer(815301076,1909f56bfc062723c751e8b465ee728b)  -> (artifact id: '623d64f0cfd961a32409aae8e6ccd5fc') in 0.032886 seconds
  Import took 0.123439 seconds .

========================================================================
Received Import Request.
  Time since last request: 9.813371 seconds.
  path: Assets/Sprites/bgrightt.png
  artifactKey: Guid(7810739ac8b4a6d4db6979b23f18c4cd) Importer(815301076,1909f56bfc062723c751e8b465ee728b)
Start importing Assets/Sprites/bgrightt.png using Guid(7810739ac8b4a6d4db6979b23f18c4cd) Importer(815301076,1909f56bfc062723c751e8b465ee728b)  -> (artifact id: 'd0f833f0db27f7184f95ea661fec7460') in 0.018073 seconds
  Import took 0.022306 seconds .

========================================================================
Received Prepare
Registering precompiled user dll's ...
Registered in 0.000950 seconds.
Begin MonoManager ReloadAssembly
Native extension for WindowsStandalone target not found
Native extension for WebGL target not found
Refreshing native plugins compatible for Editor in 0.53 ms, found 1 plugins.
Preloading 0 native plugins for Editor in 0.00 ms.
Invoked RoslynAnalysisRunner static constructor.
RoslynAnalysisRunner will not be running.
RoslynAnalysisRunner has terminated.
Mono: successfully reloaded assembly
- Completed reload, in  1.057 seconds
Platform modules already initialized, skipping
Refreshing native plugins compatible for Editor in 1.18 ms, found 1 plugins.
Preloading 0 native plugins for Editor in 0.00 ms.
Unloading 1835 Unused Serialized files (Serialized files now loaded: 0)
System memory in use before: 89.8 MB.
System memory in use after: 89.8 MB.

Unloading 12 unused Assets to reduce memory usage. Loaded Objects now: 2350.
Total: 5.450900 ms (FindLiveObjects: 0.175000 ms CreateObjectMapping: 0.050800 ms MarkObjects: 4.782100 ms  DeleteObjects: 0.441600 ms)

========================================================================
Received Prepare
Registering precompiled user dll's ...
Registered in 0.000693 seconds.
Begin MonoManager ReloadAssembly
Native extension for WindowsStandalone target not found
Native extension for WebGL target not found
Refreshing native plugins compatible for Editor in 0.35 ms, found 1 plugins.
Preloading 0 native plugins for Editor in 0.00 ms.
Invoked RoslynAnalysisRunner static constructor.
RoslynAnalysisRunner will not be running.
RoslynAnalysisRunner has terminated.
Mono: successfully reloaded assembly
- Completed reload, in  0.946 seconds
Platform modules already initialized, skipping
Refreshing native plugins compatible for Editor in 0.33 ms, found 1 plugins.
Preloading 0 native plugins for Editor in 0.00 ms.
Unloading 1835 Unused Serialized files (Serialized files now loaded: 0)
System memory in use before: 89.8 MB.
System memory in use after: 89.8 MB.

Unloading 12 unused Assets to reduce memory usage. Loaded Objects now: 2353.
Total: 2.970700 ms (FindLiveObjects: 0.193000 ms CreateObjectMapping: 0.043600 ms MarkObjects: 2.629700 ms  DeleteObjects: 0.103600 ms)

========================================================================
Received Import Request.
  Time since last request: 983.399419 seconds.
  path: Assets/Sprites/texture left.mat
  artifactKey: Guid(6dd6c6356d1397f4d80c5c7d999e2b62) Importer(815301076,1909f56bfc062723c751e8b465ee728b)
Start importing Assets/Sprites/texture left.mat using Guid(6dd6c6356d1397f4d80c5c7d999e2b62) Importer(815301076,1909f56bfc062723c751e8b465ee728b)  -> (artifact id: 'd9cda4dfbb353ae139f27b94867a2c6f') in 0.199579 seconds
  Import took 0.292537 seconds .

========================================================================
Received Import Request.
  Time since last request: 0.001472 seconds.
  path: Assets/Sprites/bgcentertex.mat
  artifactKey: Guid(f31d8e87508516448a6b1213a5bfd34c) Importer(815301076,1909f56bfc062723c751e8b465ee728b)
Start importing Assets/Sprites/bgcentertex.mat using Guid(f31d8e87508516448a6b1213a5bfd34c) Importer(815301076,1909f56bfc062723c751e8b465ee728b)  -> (artifact id: '68be8506509e88a98a7ef409a61c9149') in 0.075231 seconds
  Import took 0.141560 seconds .

========================================================================
Received Import Request.
  Time since last request: 0.000376 seconds.
  path: Assets/Sprites/texture right.mat
  artifactKey: Guid(41953198626a57b45af1f2536f1fa153) Importer(815301076,1909f56bfc062723c751e8b465ee728b)
Start importing Assets/Sprites/texture right.mat using Guid(41953198626a57b45af1f2536f1fa153) Importer(815301076,1909f56bfc062723c751e8b465ee728b)  -> (artifact id: 'b4976e501af1d976fb2a1fb57d6d349f') in 0.068745 seconds
  Import took 0.187563 seconds .

